2019-05-24 16:09:12,183 - DEBUG - Starting new HTTPS connection (1): e4ftl01.cr.usgs.gov:443
2019-05-24 16:09:13,052 - DEBUG - https://e4ftl01.cr.usgs.gov:443 "GET /MOLT/MOD13A2.006/2018.09.14 HTTP/1.1" 301 264
2019-05-24 16:09:13,687 - DEBUG - https://e4ftl01.cr.usgs.gov:443 "GET /MOLT/MOD13A2.006/2018.09.14/ HTTP/1.1" 200 None
2019-05-24 16:10:01,777 - DEBUG - Starting new HTTPS connection (1): e4ftl01.cr.usgs.gov:443
2019-05-24 16:10:02,556 - DEBUG - https://e4ftl01.cr.usgs.gov:443 "GET /MOLT/MOD11A2.006/2018.09.22 HTTP/1.1" 301 264
2019-05-24 16:10:03,196 - DEBUG - https://e4ftl01.cr.usgs.gov:443 "GET /MOLT/MOD11A2.006/2018.09.22/ HTTP/1.1" 200 None
2019-05-24 16:10:27,924 - DEBUG - Starting new HTTPS connection (1): e4ftl01.cr.usgs.gov:443
2019-05-24 16:10:28,715 - DEBUG - https://e4ftl01.cr.usgs.gov:443 "GET /MOLT/MOD11A2.006/2018.09.14 HTTP/1.1" 301 264
2019-05-24 16:10:30,133 - DEBUG - https://e4ftl01.cr.usgs.gov:443 "GET /MOLT/MOD11A2.006/2018.09.14/ HTTP/1.1" 200 None
2019-05-24 16:10:53,543 - DEBUG - locator: <matplotlib.colorbar._ColorbarAutoLocator object at 0x104975240>
2019-05-24 16:10:53,544 - DEBUG - Using auto colorbar locator on colorbar
2019-05-24 16:10:53,544 - DEBUG - locator: <matplotlib.colorbar._ColorbarAutoLocator object at 0x104975240>
2019-05-24 16:10:53,544 - DEBUG - Setting pcolormesh
2019-05-24 16:10:53,581 - DEBUG - locator: <matplotlib.colorbar._ColorbarAutoLocator object at 0x1049e6198>
2019-05-24 16:10:53,581 - DEBUG - Using auto colorbar locator on colorbar
2019-05-24 16:10:53,581 - DEBUG - locator: <matplotlib.colorbar._ColorbarAutoLocator object at 0x1049e6198>
2019-05-24 16:10:53,581 - DEBUG - Setting pcolormesh
2019-05-24 16:10:53,612 - DEBUG - locator: <matplotlib.colorbar._ColorbarAutoLocator object at 0x1a1b3b0518>
2019-05-24 16:10:53,612 - DEBUG - Using auto colorbar locator on colorbar
2019-05-24 16:10:53,612 - DEBUG - locator: <matplotlib.colorbar._ColorbarAutoLocator object at 0x1a1b3b0518>
2019-05-24 16:10:53,613 - DEBUG - Setting pcolormesh
2019-05-24 16:10:53,629 - DEBUG - findfont: Matching :family=sans-serif:style=normal:variant=normal:weight=normal:stretch=normal:size=10.0 to DejaVu Sans ('/Users/diego/miniconda2/envs/py37/lib/python3.7/site-packages/matplotlib/mpl-data/fonts/ttf/DejaVuSans.ttf') with score of 0.050000.
2019-05-24 16:10:53,639 - DEBUG - update_title_pos
2019-05-24 16:10:53,642 - DEBUG - findfont: Matching :family=sans-serif:style=normal:variant=normal:weight=normal:stretch=normal:size=12.0 to DejaVu Sans ('/Users/diego/miniconda2/envs/py37/lib/python3.7/site-packages/matplotlib/mpl-data/fonts/ttf/DejaVuSans.ttf') with score of 0.050000.
2019-05-24 16:10:53,680 - DEBUG - update_title_pos
2019-05-24 16:10:53,696 - DEBUG - update_title_pos
2019-05-24 16:10:53,725 - DEBUG - update_title_pos
2019-05-24 16:10:53,742 - DEBUG - update_title_pos
2019-05-24 16:10:53,772 - DEBUG - update_title_pos
2019-05-24 16:10:53,798 - DEBUG - update_title_pos
2019-05-24 16:10:53,831 - DEBUG - update_title_pos
2019-05-24 16:10:53,842 - DEBUG - update_title_pos
2019-05-24 16:10:53,867 - DEBUG - update_title_pos
2019-05-24 16:10:53,876 - DEBUG - update_title_pos
2019-05-24 16:10:53,902 - DEBUG - update_title_pos
2019-05-24 16:10:54,000 - DEBUG - update_title_pos
2019-05-24 16:10:54,018 - DEBUG - update_title_pos
2019-05-24 16:10:54,028 - DEBUG - update_title_pos
2019-05-24 16:10:54,047 - DEBUG - update_title_pos
2019-05-24 16:10:54,058 - DEBUG - update_title_pos
2019-05-24 16:10:54,077 - DEBUG - update_title_pos
2019-05-24 16:10:54,133 - DEBUG - update_title_pos
2019-05-24 16:10:54,150 - DEBUG - update_title_pos
2019-05-24 16:10:54,161 - DEBUG - update_title_pos
2019-05-24 16:10:54,179 - DEBUG - update_title_pos
2019-05-24 16:10:54,190 - DEBUG - update_title_pos
2019-05-24 16:10:54,209 - DEBUG - update_title_pos
2019-05-24 16:10:54,220 - DEBUG - update_title_pos
2019-05-24 16:10:54,251 - DEBUG - update_title_pos
2019-05-24 16:10:54,261 - DEBUG - update_title_pos
2019-05-24 16:10:54,286 - DEBUG - update_title_pos
2019-05-24 16:10:54,294 - DEBUG - update_title_pos
2019-05-24 16:10:54,319 - DEBUG - update_title_pos
2019-05-24 16:10:54,489 - WARNING - /Users/diego/miniconda2/envs/py37/lib/python3.7/site-packages/ipykernel_launcher.py:20: RuntimeWarning: Mean of empty slice

2019-05-24 16:10:54,667 - DEBUG - locator: <matplotlib.colorbar._ColorbarAutoLocator object at 0x1a1bc9c198>
2019-05-24 16:10:54,667 - DEBUG - Using auto colorbar locator on colorbar
2019-05-24 16:10:54,667 - DEBUG - locator: <matplotlib.colorbar._ColorbarAutoLocator object at 0x1a1bc9c198>
2019-05-24 16:10:54,667 - DEBUG - Setting pcolormesh
2019-05-24 16:10:54,691 - DEBUG - locator: <matplotlib.colorbar._ColorbarAutoLocator object at 0x1a1c12e080>
2019-05-24 16:10:54,691 - DEBUG - Using auto colorbar locator on colorbar
2019-05-24 16:10:54,691 - DEBUG - locator: <matplotlib.colorbar._ColorbarAutoLocator object at 0x1a1c12e080>
2019-05-24 16:10:54,691 - DEBUG - Setting pcolormesh
2019-05-24 16:10:54,695 - WARNING - /Users/diego/miniconda2/envs/py37/lib/python3.7/site-packages/numpy/lib/histograms.py:754: RuntimeWarning: invalid value encountered in greater_equal
  keep = (tmp_a >= first_edge)

2019-05-24 16:10:54,695 - WARNING - /Users/diego/miniconda2/envs/py37/lib/python3.7/site-packages/numpy/lib/histograms.py:755: RuntimeWarning: invalid value encountered in less_equal
  keep &= (tmp_a <= last_edge)

2019-05-24 16:10:55,171 - DEBUG - update_title_pos
2019-05-24 16:10:55,196 - DEBUG - update_title_pos
2019-05-24 16:10:55,224 - DEBUG - update_title_pos
2019-05-24 16:10:55,246 - DEBUG - update_title_pos
2019-05-24 16:10:55,278 - DEBUG - update_title_pos
2019-05-24 16:10:55,415 - DEBUG - update_title_pos
2019-05-24 16:10:55,577 - DEBUG - update_title_pos
2019-05-24 16:10:55,763 - DEBUG - update_title_pos
2019-05-24 16:10:55,900 - DEBUG - update_title_pos
2019-05-24 16:10:56,018 - DEBUG - update_title_pos
2019-05-24 16:10:56,112 - DEBUG - update_title_pos
2019-05-24 16:10:56,128 - DEBUG - update_title_pos
2019-05-24 16:10:56,824 - WARNING - /Users/diego/miniconda2/envs/py37/lib/python3.7/site-packages/matplotlib/figure.py:445: UserWarning: Matplotlib is currently using module://ipykernel.pylab.backend_inline, which is a non-GUI backend, so cannot show the figure.
  % get_backend())

2019-05-24 16:10:56,826 - DEBUG - update_title_pos
2019-05-24 16:10:56,865 - DEBUG - update_title_pos
2019-05-24 16:10:56,893 - DEBUG - update_title_pos
2019-05-24 16:10:56,978 - DEBUG - update_title_pos
2019-05-24 16:10:57,062 - DEBUG - update_title_pos
2019-05-24 16:10:57,075 - DEBUG - update_title_pos
2019-05-24 16:10:57,107 - DEBUG - update_title_pos
2019-05-24 16:10:57,140 - DEBUG - update_title_pos
2019-05-24 16:10:57,172 - DEBUG - update_title_pos
2019-05-24 16:10:57,259 - DEBUG - update_title_pos
2019-05-24 16:10:57,342 - DEBUG - update_title_pos
2019-05-24 16:10:57,358 - DEBUG - update_title_pos
2019-05-24 16:10:57,433 - DEBUG - update_title_pos
2019-05-24 16:10:57,455 - DEBUG - update_title_pos
2019-05-24 16:10:57,481 - DEBUG - update_title_pos
2019-05-24 16:10:57,583 - DEBUG - update_title_pos
2019-05-24 16:10:57,675 - DEBUG - update_title_pos
2019-05-24 16:10:57,689 - DEBUG - update_title_pos
2019-05-24 16:10:57,918 - DEBUG - update_title_pos
2019-05-24 16:10:57,939 - DEBUG - update_title_pos
2019-05-24 16:10:57,961 - DEBUG - update_title_pos
2019-05-24 16:10:58,061 - DEBUG - update_title_pos
2019-05-24 16:10:58,156 - DEBUG - update_title_pos
2019-05-24 16:10:58,171 - DEBUG - update_title_pos
2019-05-24 16:10:58,201 - DEBUG - update_title_pos
2019-05-24 16:10:58,236 - DEBUG - update_title_pos
2019-05-24 16:10:58,266 - DEBUG - update_title_pos
2019-05-24 16:10:58,350 - DEBUG - update_title_pos
2019-05-24 16:10:58,436 - DEBUG - update_title_pos
2019-05-24 16:10:58,448 - DEBUG - update_title_pos
2019-05-24 16:10:58,547 - WARNING - /Users/diego/miniconda2/envs/py37/lib/python3.7/site-packages/ipykernel_launcher.py:8: RuntimeWarning: invalid value encountered in less
  

2019-05-24 16:10:58,550 - WARNING - /Users/diego/miniconda2/envs/py37/lib/python3.7/site-packages/ipykernel_launcher.py:9: RuntimeWarning: invalid value encountered in greater
  if __name__ == '__main__':

2019-05-24 16:10:58,555 - WARNING - /Users/diego/miniconda2/envs/py37/lib/python3.7/site-packages/ipykernel_launcher.py:15: RuntimeWarning: invalid value encountered in less
  from ipykernel import kernelapp as app

2019-05-24 16:11:58,330 - DEBUG - update_title_pos
2019-05-24 16:11:58,377 - DEBUG - update_title_pos
2019-05-24 16:11:58,397 - DEBUG - update_title_pos
2019-05-24 16:11:58,485 - DEBUG - update_title_pos
2019-05-24 16:11:58,529 - DEBUG - update_title_pos
2019-05-24 16:11:58,565 - DEBUG - update_title_pos
2019-05-24 16:11:58,583 - DEBUG - update_title_pos
2019-05-24 16:11:58,660 - DEBUG - update_title_pos
2019-05-24 16:11:58,706 - DEBUG - update_title_pos
2019-05-24 16:11:58,742 - DEBUG - update_title_pos
2019-05-24 16:11:58,797 - DEBUG - update_title_pos
2019-05-24 16:11:58,824 - DEBUG - update_title_pos
2019-05-24 16:11:58,839 - WARNING - /Users/diego/miniconda2/envs/py37/lib/python3.7/site-packages/matplotlib/figure.py:2366: UserWarning: This figure includes Axes that are not compatible with tight_layout, so results might be incorrect.
  warnings.warn("This figure includes Axes that are not compatible "

2019-05-24 16:11:58,839 - DEBUG - update_title_pos
2019-05-24 16:11:58,911 - DEBUG - update_title_pos
2019-05-24 16:29:27,351 - DEBUG - update_title_pos
2019-05-24 16:29:27,402 - DEBUG - update_title_pos
2019-05-24 16:29:27,769 - DEBUG - update_title_pos
2019-05-24 16:29:28,042 - DEBUG - update_title_pos
2019-05-24 16:29:29,333 - DEBUG - update_title_pos
2019-05-24 16:29:29,367 - DEBUG - update_title_pos
2019-05-24 16:29:29,726 - DEBUG - update_title_pos
2019-05-24 16:29:29,795 - DEBUG - update_title_pos
2019-05-24 16:29:30,578 - DEBUG - update_title_pos
2019-05-24 16:29:30,605 - DEBUG - update_title_pos
2019-05-24 16:29:30,963 - DEBUG - update_title_pos
2019-05-24 16:29:31,026 - DEBUG - update_title_pos
2019-05-24 16:29:31,813 - DEBUG - update_title_pos
2019-05-24 16:29:31,838 - DEBUG - update_title_pos
2019-05-24 16:29:32,569 - DEBUG - update_title_pos
2019-05-24 16:29:32,598 - DEBUG - update_title_pos
2019-05-24 16:29:32,959 - DEBUG - update_title_pos
2019-05-24 16:29:33,029 - DEBUG - update_title_pos
2019-05-24 17:09:03,723 - DEBUG - pickle loaded: /Users/diego/miniconda2/envs/py37/lib/python3.7/site-packages/numpy/__init__.py
2019-05-24 17:09:03,757 - DEBUG - pickle loaded: /Users/diego/miniconda2/envs/py37/lib/python3.7/site-packages/numpy/lib/npyio.py
2019-05-24 17:09:03,850 - DEBUG - pickle loaded: /Users/diego/miniconda2/envs/py37/lib/python3.7/site-packages/mpl_toolkits/basemap/__init__.py
2019-05-24 17:09:03,950 - DEBUG - pickle loaded: /Users/diego/miniconda2/envs/py37/lib/python3.7/site-packages/matplotlib/text.py
2019-05-24 17:09:03,968 - DEBUG - pickle loaded: /Users/diego/miniconda2/envs/py37/lib/python3.7/site-packages/jedi/api/interpreter.py
2019-05-24 17:09:03,979 - DEBUG - pickle loaded: /Users/diego/miniconda2/envs/py37/lib/python3.7/site-packages/matplotlib/axes/_subplots.py
2019-05-24 17:09:03,996 - DEBUG - pickle loaded: /Users/diego/miniconda2/envs/py37/lib/python3.7/calendar.py
2019-05-24 17:09:04,069 - DEBUG - pickle loaded: /Users/diego/miniconda2/envs/py37/lib/python3.7/site-packages/matplotlib/axes/_axes.py
2019-05-24 17:09:04,121 - DEBUG - pickle loaded: /Users/diego/miniconda2/envs/py37/lib/python3.7/site-packages/matplotlib/colorbar.py
2019-05-24 17:09:04,142 - DEBUG - pickle loaded: /Users/diego/miniconda2/envs/py37/lib/python3.7/site-packages/pymodis/convertmodis_gdal.py
2019-05-24 17:09:04,201 - DEBUG - pickle loaded: /Users/diego/miniconda2/envs/py37/lib/python3.7/site-packages/osgeo/gdal.py
2019-05-24 17:09:04,292 - DEBUG - pickle loaded: /Users/diego/miniconda2/envs/py37/lib/python3.7/site-packages/mpl_toolkits/axes_grid1/axes_divider.py
2019-05-24 17:09:04,313 - DEBUG - pickle loaded: /Users/diego/miniconda2/envs/py37/lib/python3.7/site-packages/pymodis/downmodis.py
2019-05-24 17:09:04,318 - DEBUG - pickle loaded: /Users/diego/miniconda2/envs/py37/lib/python3.7/site-packages/IPython/core/autocall.py
2019-05-24 17:09:04,347 - DEBUG - pickle loaded: /Users/diego/miniconda2/envs/py37/lib/python3.7/site-packages/matplotlib/figure.py
2019-05-24 17:09:04,363 - DEBUG - pickle loaded: /Users/diego/miniconda2/envs/py37/lib/python3.7/site-packages/scipy/stats/kde.py
2019-05-24 17:09:04,368 - DEBUG - pickle loaded: /Users/diego/miniconda2/envs/py37/lib/python3.7/site-packages/gdal.py
2019-05-24 17:09:04,410 - DEBUG - pickle loaded: /Users/diego/miniconda2/envs/py37/lib/python3.7/site-packages/IPython/core/interactiveshell.py
2019-05-24 17:09:04,427 - DEBUG - pickle loaded: /Users/diego/miniconda2/envs/py37/lib/python3.7/glob.py
2019-05-24 17:09:04,450 - DEBUG - pickle loaded: /Users/diego/miniconda2/envs/py37/lib/python3.7/site-packages/matplotlib/image.py
2019-05-24 17:09:04,479 - DEBUG - pickle loaded: /Users/diego/miniconda2/envs/py37/lib/python3.7/os.py
2019-05-24 17:09:04,487 - DEBUG - pickle loaded: /Users/diego/miniconda2/envs/py37/lib/python3.7/posixpath.py
2019-05-24 17:09:04,520 - DEBUG - pickle loaded: /Users/diego/miniconda2/envs/py37/lib/python3.7/site-packages/matplotlib/pyplot.py
2019-05-24 17:09:04,524 - DEBUG - pickle loaded: /Users/diego/miniconda2/envs/py37/lib/python3.7/site-packages/scipy/__init__.py
2019-05-24 17:09:04,589 - DEBUG - pickle loaded: /Users/diego/miniconda2/envs/py37/lib/python3.7/subprocess.py
2019-05-24 17:33:18,990 - DEBUG - update_title_pos
2019-05-24 17:33:19,052 - DEBUG - update_title_pos
2019-05-24 17:33:19,634 - DEBUG - update_title_pos
2019-05-24 17:33:19,958 - DEBUG - update_title_pos
2019-05-24 17:33:21,697 - WARNING - /Users/diego/miniconda2/envs/py37/lib/python3.7/site-packages/matplotlib/figure.py:445: UserWarning: Matplotlib is currently using module://ipykernel.pylab.backend_inline, which is a non-GUI backend, so cannot show the figure.
  % get_backend())

2019-05-24 17:33:21,748 - DEBUG - update_title_pos
2019-05-24 17:33:21,919 - DEBUG - update_title_pos
2019-05-24 17:33:22,783 - DEBUG - update_title_pos
2019-05-24 17:33:22,887 - DEBUG - update_title_pos
2019-05-24 17:33:23,793 - DEBUG - update_title_pos
2019-05-24 17:33:23,825 - DEBUG - update_title_pos
2019-05-24 17:33:24,232 - DEBUG - update_title_pos
2019-05-24 17:33:24,306 - DEBUG - update_title_pos
2019-05-24 17:33:25,187 - DEBUG - update_title_pos
2019-05-24 17:33:25,215 - DEBUG - update_title_pos
2019-05-24 17:33:26,130 - DEBUG - update_title_pos
2019-05-24 17:33:26,161 - DEBUG - update_title_pos
2019-05-24 17:33:26,572 - WARNING - /Users/diego/miniconda2/envs/py37/lib/python3.7/site-packages/matplotlib/figure.py:2366: UserWarning: This figure includes Axes that are not compatible with tight_layout, so results might be incorrect.
  warnings.warn("This figure includes Axes that are not compatible "

2019-05-24 17:33:26,573 - DEBUG - update_title_pos
2019-05-24 17:33:26,652 - DEBUG - update_title_pos
2019-05-24 17:35:46,914 - DEBUG - update_title_pos
2019-05-24 17:35:46,989 - DEBUG - update_title_pos
2019-05-24 17:35:47,401 - DEBUG - update_title_pos
2019-05-24 17:35:47,693 - DEBUG - update_title_pos
2019-05-24 17:35:49,161 - DEBUG - update_title_pos
2019-05-24 17:35:49,203 - DEBUG - update_title_pos
2019-05-24 17:35:49,592 - DEBUG - update_title_pos
2019-05-24 17:35:49,661 - DEBUG - update_title_pos
2019-05-24 17:35:50,504 - DEBUG - update_title_pos
2019-05-24 17:35:50,532 - DEBUG - update_title_pos
2019-05-24 17:35:50,926 - DEBUG - update_title_pos
2019-05-24 17:35:50,995 - DEBUG - update_title_pos
2019-05-24 17:35:51,874 - DEBUG - update_title_pos
2019-05-24 17:35:51,911 - DEBUG - update_title_pos
2019-05-24 17:35:52,713 - DEBUG - update_title_pos
2019-05-24 17:35:52,741 - DEBUG - update_title_pos
2019-05-24 17:35:53,128 - DEBUG - update_title_pos
2019-05-24 17:35:53,204 - DEBUG - update_title_pos
2019-05-24 17:36:22,963 - DEBUG - update_title_pos
2019-05-24 17:36:23,007 - DEBUG - update_title_pos
2019-05-24 17:36:23,440 - DEBUG - update_title_pos
2019-05-24 17:36:23,732 - DEBUG - update_title_pos
2019-05-24 17:36:25,217 - DEBUG - update_title_pos
2019-05-24 17:36:25,250 - DEBUG - update_title_pos
2019-05-24 17:36:25,660 - DEBUG - update_title_pos
2019-05-24 17:36:25,729 - DEBUG - update_title_pos
2019-05-24 17:36:26,609 - DEBUG - update_title_pos
2019-05-24 17:36:26,636 - DEBUG - update_title_pos
2019-05-24 17:36:27,034 - DEBUG - update_title_pos
2019-05-24 17:36:27,103 - DEBUG - update_title_pos
2019-05-24 17:36:27,988 - DEBUG - update_title_pos
2019-05-24 17:36:28,015 - DEBUG - update_title_pos
2019-05-24 17:36:28,818 - DEBUG - update_title_pos
2019-05-24 17:36:28,845 - DEBUG - update_title_pos
2019-05-24 17:36:29,234 - DEBUG - update_title_pos
2019-05-24 17:36:29,307 - DEBUG - update_title_pos
2019-05-24 17:36:34,390 - DEBUG - update_title_pos
2019-05-24 17:36:34,433 - DEBUG - update_title_pos
2019-05-24 17:36:34,845 - DEBUG - update_title_pos
2019-05-24 17:36:35,133 - DEBUG - update_title_pos
2019-05-24 17:36:36,691 - DEBUG - update_title_pos
2019-05-24 17:36:36,724 - DEBUG - update_title_pos
2019-05-24 17:36:37,133 - DEBUG - update_title_pos
2019-05-24 17:36:37,202 - DEBUG - update_title_pos
2019-05-24 17:36:38,064 - DEBUG - update_title_pos
2019-05-24 17:36:38,093 - DEBUG - update_title_pos
2019-05-24 17:36:38,490 - DEBUG - update_title_pos
2019-05-24 17:36:38,575 - DEBUG - update_title_pos
2019-05-24 17:36:39,473 - DEBUG - update_title_pos
2019-05-24 17:36:39,500 - DEBUG - update_title_pos
2019-05-24 17:36:40,291 - DEBUG - update_title_pos
2019-05-24 17:36:40,317 - DEBUG - update_title_pos
2019-05-24 17:36:40,702 - DEBUG - update_title_pos
2019-05-24 17:36:40,777 - DEBUG - update_title_pos
2019-05-24 17:37:20,207 - DEBUG - update_title_pos
2019-05-24 17:37:20,303 - DEBUG - update_title_pos
2019-05-24 17:37:20,825 - DEBUG - update_title_pos
2019-05-24 17:37:21,114 - DEBUG - update_title_pos
2019-05-24 17:37:22,649 - DEBUG - update_title_pos
2019-05-24 17:37:22,693 - DEBUG - update_title_pos
2019-05-24 17:37:23,085 - DEBUG - update_title_pos
2019-05-24 17:37:23,153 - DEBUG - update_title_pos
2019-05-24 17:37:24,014 - DEBUG - update_title_pos
2019-05-24 17:37:24,041 - DEBUG - update_title_pos
2019-05-24 17:37:24,426 - DEBUG - update_title_pos
2019-05-24 17:37:24,494 - DEBUG - update_title_pos
2019-05-24 17:37:25,423 - DEBUG - update_title_pos
2019-05-24 17:37:25,449 - DEBUG - update_title_pos
2019-05-24 17:37:26,240 - DEBUG - update_title_pos
2019-05-24 17:37:26,268 - DEBUG - update_title_pos
2019-05-24 17:37:26,657 - DEBUG - update_title_pos
2019-05-24 17:37:26,732 - DEBUG - update_title_pos
2019-05-24 17:37:42,778 - DEBUG - diff parser start
2019-05-24 17:37:42,778 - DEBUG - diff parser calculated
2019-05-24 17:37:42,778 - DEBUG - diff: line_lengths old: 1, new: 39
2019-05-24 17:37:42,778 - DEBUG - diff code[replace] old[1:1] new[1:39]
2019-05-24 17:37:42,790 - DEBUG - parse_part from 1 to 39 (to 38 in part parser)
2019-05-24 17:37:42,790 - DEBUG - diff parser end
2019-05-24 17:37:48,017 - DEBUG - diff parser start
2019-05-24 17:37:48,025 - DEBUG - diff parser calculated
2019-05-24 17:37:48,025 - DEBUG - diff: line_lengths old: 39, new: 39
2019-05-24 17:37:48,025 - DEBUG - diff code[equal] old[1:38] new[1:38]
2019-05-24 17:37:48,026 - DEBUG - diff actually copy 1 to 38
2019-05-24 17:37:48,026 - DEBUG - diff code[replace] old[39:39] new[39:39]
2019-05-24 17:37:48,026 - DEBUG - parse_part from 39 to 39 (to 38 in part parser)
2019-05-24 17:37:48,026 - DEBUG - diff parser end
2019-05-24 17:38:04,716 - DEBUG - update_title_pos
2019-05-24 17:38:04,769 - DEBUG - update_title_pos
2019-05-24 17:38:05,178 - DEBUG - update_title_pos
2019-05-24 17:38:05,479 - DEBUG - update_title_pos
2019-05-24 17:38:06,976 - WARNING - /Users/diego/miniconda2/envs/py37/lib/python3.7/site-packages/matplotlib/figure.py:445: UserWarning: Matplotlib is currently using module://ipykernel.pylab.backend_inline, which is a non-GUI backend, so cannot show the figure.
  % get_backend())

2019-05-24 17:38:06,984 - DEBUG - update_title_pos
2019-05-24 17:38:07,017 - DEBUG - update_title_pos
2019-05-24 17:38:07,408 - DEBUG - update_title_pos
2019-05-24 17:38:07,478 - DEBUG - update_title_pos
2019-05-24 17:38:08,347 - DEBUG - update_title_pos
2019-05-24 17:38:08,374 - DEBUG - update_title_pos
2019-05-24 17:38:08,771 - DEBUG - update_title_pos
2019-05-24 17:38:08,865 - DEBUG - update_title_pos
2019-05-24 17:38:09,774 - DEBUG - update_title_pos
2019-05-24 17:38:09,804 - DEBUG - update_title_pos
2019-05-24 17:38:10,604 - DEBUG - update_title_pos
2019-05-24 17:38:10,630 - DEBUG - update_title_pos
2019-05-24 17:38:11,033 - WARNING - /Users/diego/miniconda2/envs/py37/lib/python3.7/site-packages/matplotlib/figure.py:2366: UserWarning: This figure includes Axes that are not compatible with tight_layout, so results might be incorrect.
  warnings.warn("This figure includes Axes that are not compatible "

2019-05-24 17:38:11,042 - DEBUG - update_title_pos
2019-05-24 17:38:11,117 - DEBUG - update_title_pos
2019-05-24 17:38:19,921 - DEBUG - update_title_pos
2019-05-24 17:38:20,013 - DEBUG - update_title_pos
2019-05-24 17:38:20,529 - DEBUG - update_title_pos
2019-05-24 17:38:20,861 - DEBUG - update_title_pos
2019-05-24 17:38:22,431 - DEBUG - update_title_pos
2019-05-24 17:38:22,468 - DEBUG - update_title_pos
2019-05-24 17:38:22,865 - DEBUG - update_title_pos
2019-05-24 17:38:22,934 - DEBUG - update_title_pos
2019-05-24 17:38:23,810 - DEBUG - update_title_pos
2019-05-24 17:38:23,838 - DEBUG - update_title_pos
2019-05-24 17:38:24,261 - DEBUG - update_title_pos
2019-05-24 17:38:24,380 - DEBUG - update_title_pos
2019-05-24 17:38:25,286 - DEBUG - update_title_pos
2019-05-24 17:38:25,312 - DEBUG - update_title_pos
2019-05-24 17:38:26,110 - DEBUG - update_title_pos
2019-05-24 17:38:26,138 - DEBUG - update_title_pos
2019-05-24 17:38:26,532 - DEBUG - update_title_pos
2019-05-24 17:38:26,607 - DEBUG - update_title_pos
2019-05-24 17:38:27,619 - DEBUG - diff parser start
2019-05-24 17:38:27,619 - DEBUG - diff parser calculated
2019-05-24 17:38:27,619 - DEBUG - diff: line_lengths old: 39, new: 40
2019-05-24 17:38:27,619 - DEBUG - diff code[equal] old[1:38] new[1:38]
2019-05-24 17:38:27,619 - DEBUG - diff actually copy 1 to 38
2019-05-24 17:38:27,619 - DEBUG - diff code[replace] old[39:39] new[39:40]
2019-05-24 17:38:27,620 - DEBUG - parse_part from 39 to 40 (to 39 in part parser)
2019-05-24 17:38:27,620 - DEBUG - diff parser end
2019-05-24 17:38:39,519 - DEBUG - update_title_pos
2019-05-24 17:38:39,580 - DEBUG - update_title_pos
2019-05-24 17:38:40,057 - DEBUG - update_title_pos
2019-05-24 17:38:40,380 - DEBUG - update_title_pos
2019-05-24 17:38:41,911 - WARNING - /Users/diego/miniconda2/envs/py37/lib/python3.7/site-packages/matplotlib/figure.py:445: UserWarning: Matplotlib is currently using module://ipykernel.pylab.backend_inline, which is a non-GUI backend, so cannot show the figure.
  % get_backend())

2019-05-24 17:38:41,919 - DEBUG - update_title_pos
2019-05-24 17:38:41,955 - DEBUG - update_title_pos
2019-05-24 17:38:42,353 - DEBUG - update_title_pos
2019-05-24 17:38:42,424 - DEBUG - update_title_pos
2019-05-24 17:38:43,312 - DEBUG - update_title_pos
2019-05-24 17:38:43,340 - DEBUG - update_title_pos
2019-05-24 17:38:43,795 - DEBUG - update_title_pos
2019-05-24 17:38:43,939 - DEBUG - update_title_pos
2019-05-24 17:38:44,999 - DEBUG - update_title_pos
2019-05-24 17:38:45,025 - DEBUG - update_title_pos
2019-05-24 17:38:45,856 - DEBUG - update_title_pos
2019-05-24 17:38:45,883 - DEBUG - update_title_pos
2019-05-24 17:38:46,273 - WARNING - /Users/diego/miniconda2/envs/py37/lib/python3.7/site-packages/matplotlib/figure.py:2366: UserWarning: This figure includes Axes that are not compatible with tight_layout, so results might be incorrect.
  warnings.warn("This figure includes Axes that are not compatible "

2019-05-24 17:38:46,274 - DEBUG - update_title_pos
2019-05-24 17:38:46,348 - DEBUG - update_title_pos
2019-05-24 17:39:13,970 - DEBUG - update_title_pos
2019-05-24 17:39:14,025 - DEBUG - update_title_pos
2019-05-24 17:39:14,517 - DEBUG - update_title_pos
2019-05-24 17:39:14,805 - DEBUG - update_title_pos
2019-05-24 17:39:16,308 - DEBUG - update_title_pos
2019-05-24 17:39:16,340 - DEBUG - update_title_pos
2019-05-24 17:39:16,750 - DEBUG - update_title_pos
2019-05-24 17:39:16,818 - DEBUG - update_title_pos
2019-05-24 17:39:17,672 - DEBUG - update_title_pos
2019-05-24 17:39:17,700 - DEBUG - update_title_pos
2019-05-24 17:39:18,094 - DEBUG - update_title_pos
2019-05-24 17:39:18,164 - DEBUG - update_title_pos
2019-05-24 17:39:19,051 - DEBUG - update_title_pos
2019-05-24 17:39:19,079 - DEBUG - update_title_pos
2019-05-24 17:39:19,873 - DEBUG - update_title_pos
2019-05-24 17:39:19,900 - DEBUG - update_title_pos
2019-05-24 17:39:20,289 - DEBUG - update_title_pos
2019-05-24 17:39:20,365 - DEBUG - update_title_pos
2019-05-24 17:39:44,853 - DEBUG - update_title_pos
2019-05-24 17:39:44,903 - DEBUG - update_title_pos
2019-05-24 17:39:45,373 - DEBUG - update_title_pos
2019-05-24 17:39:45,684 - DEBUG - update_title_pos
2019-05-24 17:39:47,921 - DEBUG - update_title_pos
2019-05-24 17:39:47,955 - DEBUG - update_title_pos
2019-05-24 17:39:48,413 - DEBUG - update_title_pos
2019-05-24 17:39:48,489 - DEBUG - update_title_pos
2019-05-24 17:39:49,463 - DEBUG - update_title_pos
2019-05-24 17:39:49,494 - DEBUG - update_title_pos
2019-05-24 17:39:49,915 - DEBUG - update_title_pos
2019-05-24 17:39:49,994 - DEBUG - update_title_pos
2019-05-24 17:39:51,011 - DEBUG - update_title_pos
2019-05-24 17:39:51,054 - DEBUG - update_title_pos
2019-05-24 17:39:51,926 - DEBUG - update_title_pos
2019-05-24 17:39:51,962 - DEBUG - update_title_pos
2019-05-24 17:39:52,400 - DEBUG - update_title_pos
2019-05-24 17:39:52,484 - DEBUG - update_title_pos
2019-05-24 17:40:26,622 - DEBUG - update_title_pos
2019-05-24 17:40:26,688 - DEBUG - update_title_pos
2019-05-24 17:40:27,162 - DEBUG - update_title_pos
2019-05-24 17:40:27,504 - DEBUG - update_title_pos
2019-05-24 17:40:29,272 - DEBUG - update_title_pos
2019-05-24 17:40:29,309 - DEBUG - update_title_pos
2019-05-24 17:40:29,870 - DEBUG - update_title_pos
2019-05-24 17:40:29,979 - DEBUG - update_title_pos
2019-05-24 17:40:30,965 - DEBUG - update_title_pos
2019-05-24 17:40:31,006 - DEBUG - update_title_pos
2019-05-24 17:40:31,435 - DEBUG - update_title_pos
2019-05-24 17:40:31,524 - DEBUG - update_title_pos
2019-05-24 17:40:32,466 - DEBUG - update_title_pos
2019-05-24 17:40:32,492 - DEBUG - update_title_pos
2019-05-24 17:40:33,303 - DEBUG - update_title_pos
2019-05-24 17:40:33,331 - DEBUG - update_title_pos
2019-05-24 17:40:33,723 - DEBUG - update_title_pos
2019-05-24 17:40:33,799 - DEBUG - update_title_pos
2019-05-24 17:40:45,420 - DEBUG - update_title_pos
2019-05-24 17:40:45,475 - DEBUG - update_title_pos
2019-05-24 17:40:45,895 - DEBUG - update_title_pos
2019-05-24 17:40:46,203 - DEBUG - update_title_pos
2019-05-24 17:40:47,731 - DEBUG - update_title_pos
2019-05-24 17:40:47,771 - DEBUG - update_title_pos
2019-05-24 17:40:48,184 - DEBUG - update_title_pos
2019-05-24 17:40:48,255 - DEBUG - update_title_pos
2019-05-24 17:40:49,174 - DEBUG - update_title_pos
2019-05-24 17:40:49,203 - DEBUG - update_title_pos
2019-05-24 17:40:49,601 - DEBUG - update_title_pos
2019-05-24 17:40:49,672 - DEBUG - update_title_pos
2019-05-24 17:40:50,620 - DEBUG - update_title_pos
2019-05-24 17:40:50,647 - DEBUG - update_title_pos
2019-05-24 17:40:51,453 - DEBUG - update_title_pos
2019-05-24 17:40:51,480 - DEBUG - update_title_pos
2019-05-24 17:40:51,881 - DEBUG - update_title_pos
2019-05-24 17:40:51,956 - DEBUG - update_title_pos
2019-05-24 17:41:19,206 - DEBUG - update_title_pos
2019-05-24 17:41:19,263 - DEBUG - update_title_pos
2019-05-24 17:41:19,719 - DEBUG - update_title_pos
2019-05-24 17:41:20,060 - DEBUG - update_title_pos
2019-05-24 17:41:21,940 - DEBUG - update_title_pos
2019-05-24 17:41:21,973 - DEBUG - update_title_pos
2019-05-24 17:41:22,383 - DEBUG - update_title_pos
2019-05-24 17:41:22,483 - DEBUG - update_title_pos
2019-05-24 17:41:23,520 - DEBUG - update_title_pos
2019-05-24 17:41:23,556 - DEBUG - update_title_pos
2019-05-24 17:41:24,026 - DEBUG - update_title_pos
2019-05-24 17:41:24,113 - DEBUG - update_title_pos
2019-05-24 17:41:25,082 - DEBUG - update_title_pos
2019-05-24 17:41:25,109 - DEBUG - update_title_pos
2019-05-24 17:41:25,987 - DEBUG - update_title_pos
2019-05-24 17:41:26,020 - DEBUG - update_title_pos
2019-05-24 17:41:26,470 - DEBUG - update_title_pos
2019-05-24 17:41:26,554 - DEBUG - update_title_pos
2019-05-24 17:41:37,448 - DEBUG - update_title_pos
2019-05-24 17:41:37,491 - DEBUG - update_title_pos
2019-05-24 17:41:37,896 - DEBUG - update_title_pos
2019-05-24 17:41:38,192 - DEBUG - update_title_pos
2019-05-24 17:41:39,750 - DEBUG - update_title_pos
2019-05-24 17:41:39,784 - DEBUG - update_title_pos
2019-05-24 17:41:40,221 - DEBUG - update_title_pos
2019-05-24 17:41:40,293 - DEBUG - update_title_pos
2019-05-24 17:41:41,298 - DEBUG - update_title_pos
2019-05-24 17:41:41,346 - DEBUG - update_title_pos
2019-05-24 17:41:41,826 - DEBUG - update_title_pos
2019-05-24 17:41:41,898 - DEBUG - update_title_pos
2019-05-24 17:41:42,825 - DEBUG - update_title_pos
2019-05-24 17:41:42,852 - DEBUG - update_title_pos
2019-05-24 17:41:43,657 - DEBUG - update_title_pos
2019-05-24 17:41:43,686 - DEBUG - update_title_pos
2019-05-24 17:41:44,089 - DEBUG - update_title_pos
2019-05-24 17:41:44,173 - DEBUG - update_title_pos
2019-05-24 17:51:33,847 - DEBUG - locator: <matplotlib.colorbar._ColorbarAutoLocator object at 0x1a20fad390>
2019-05-24 17:51:33,854 - DEBUG - Using auto colorbar locator on colorbar
2019-05-24 17:51:33,854 - DEBUG - locator: <matplotlib.colorbar._ColorbarAutoLocator object at 0x1a20fad390>
2019-05-24 17:51:33,854 - DEBUG - Setting pcolormesh
2019-05-24 17:51:33,859 - DEBUG - update_title_pos
2019-05-24 17:51:33,862 - DEBUG - findfont: Matching :family=sans-serif:style=normal:variant=normal:weight=normal:stretch=normal:size=14.0 to DejaVu Sans ('/Users/diego/miniconda2/envs/py37/lib/python3.7/site-packages/matplotlib/mpl-data/fonts/ttf/DejaVuSans.ttf') with score of 0.050000.
2019-05-24 17:51:33,894 - DEBUG - update_title_pos
2019-05-24 17:51:33,921 - DEBUG - update_title_pos
2019-05-24 17:51:34,343 - DEBUG - update_title_pos
2019-05-24 17:51:34,623 - DEBUG - update_title_pos
2019-05-24 17:51:34,996 - DEBUG - update_title_pos
2019-05-24 17:51:35,011 - DEBUG - update_title_pos
2019-05-24 17:51:35,367 - DEBUG - update_title_pos
2019-05-24 17:51:35,418 - DEBUG - update_title_pos
2019-05-24 17:51:35,440 - DEBUG - update_title_pos
2019-05-24 17:51:35,481 - DEBUG - update_title_pos
2019-05-24 17:51:35,509 - DEBUG - update_title_pos
2019-05-24 17:51:35,523 - DEBUG - update_title_pos
2019-05-24 17:51:35,938 - DEBUG - update_title_pos
2019-05-24 17:51:36,028 - WARNING - /Users/diego/miniconda2/envs/py37/lib/python3.7/site-packages/numpy/lib/histograms.py:754: RuntimeWarning: invalid value encountered in greater_equal
  keep = (tmp_a >= first_edge)

2019-05-24 17:51:36,028 - WARNING - /Users/diego/miniconda2/envs/py37/lib/python3.7/site-packages/numpy/lib/histograms.py:755: RuntimeWarning: invalid value encountered in less_equal
  keep &= (tmp_a <= last_edge)

2019-05-24 17:51:36,217 - DEBUG - update_title_pos
2019-05-24 17:51:36,356 - DEBUG - update_title_pos
2019-05-24 17:51:36,501 - DEBUG - update_title_pos
2019-05-24 17:51:36,645 - DEBUG - update_title_pos
2019-05-24 17:51:36,776 - DEBUG - update_title_pos
2019-05-24 17:51:36,960 - DEBUG - update_title_pos
2019-05-24 17:51:37,060 - DEBUG - update_title_pos
